2019-01-11 10:18:11  [ main:0 ] - [ INFO ]  Refreshing org.springframework.context.support.ClassPathXmlApplicationContext@4f2410ac: display name [org.springframework.context.support.ClassPathXmlApplicationContext@4f2410ac]; startup date [Fri Jan 11 10:18:11 CST 2019]; root of context hierarchy
2019-01-11 10:18:11  [ main:69 ] - [ DEBUG ]  Falling back to plain synchronized [java.util.HashMap] for concurrent map
2019-01-11 10:18:11  [ main:72 ] - [ DEBUG ]  Falling back to plain synchronized [java.util.HashMap] for concurrent map
2019-01-11 10:18:11  [ main:73 ] - [ DEBUG ]  Falling back to plain synchronized [java.util.HashMap] for concurrent map
2019-01-11 10:18:11  [ main:73 ] - [ DEBUG ]  Falling back to plain synchronized [java.util.HashMap] for concurrent map
2019-01-11 10:18:11  [ main:74 ] - [ DEBUG ]  Falling back to plain synchronized [java.util.HashMap] for concurrent map
2019-01-11 10:18:11  [ main:75 ] - [ DEBUG ]  Falling back to plain synchronized [java.util.HashMap] for concurrent map
2019-01-11 10:18:11  [ main:75 ] - [ DEBUG ]  Falling back to plain synchronized [java.util.HashMap] for concurrent map
2019-01-11 10:18:11  [ main:83 ] - [ DEBUG ]  Falling back to plain synchronized [java.util.HashMap] for concurrent map
2019-01-11 10:18:11  [ main:86 ] - [ DEBUG ]  Falling back to plain synchronized [java.util.HashMap] for concurrent map
2019-01-11 10:18:11  [ main:165 ] - [ INFO ]  Loading XML bean definitions from class path resource [config.xml]
2019-01-11 10:18:11  [ main:200 ] - [ DEBUG ]  Using JAXP provider [com.sun.org.apache.xerces.internal.jaxp.DocumentBuilderFactoryImpl]
2019-01-11 10:18:12  [ main:391 ] - [ DEBUG ]  Loading schema mappings from [META-INF/spring.schemas]
2019-01-11 10:18:12  [ main:433 ] - [ DEBUG ]  Loaded schema mappings: {http://www.springframework.org/schema/lang/spring-lang-2.5.xsd=org/springframework/scripting/config/spring-lang-2.5.xsd, http://www.springframework.org/schema/lang/spring-lang.xsd=org/springframework/scripting/config/spring-lang-2.5.xsd, http://www.springframework.org/schema/context/spring-context-2.5.xsd=org/springframework/context/config/spring-context-2.5.xsd, http://www.springframework.org/schema/jms/spring-jms-2.5.xsd=org/springframework/jms/config/spring-jms-2.5.xsd, http://www.springframework.org/schema/context/spring-context.xsd=org/springframework/context/config/spring-context-2.5.xsd, http://www.springframework.org/schema/aop/spring-aop.xsd=org/springframework/aop/config/spring-aop-2.5.xsd, http://www.springframework.org/schema/util/spring-util-2.0.xsd=org/springframework/beans/factory/xml/spring-util-2.0.xsd, http://www.springframework.org/schema/util/spring-util-2.5.xsd=org/springframework/beans/factory/xml/spring-util-2.5.xsd, http://www.springframework.org/schema/tool/spring-tool-2.0.xsd=org/springframework/beans/factory/xml/spring-tool-2.0.xsd, http://www.springframework.org/schema/tx/spring-tx-2.0.xsd=org/springframework/transaction/config/spring-tx-2.0.xsd, http://www.springframework.org/schema/tool/spring-tool-2.5.xsd=org/springframework/beans/factory/xml/spring-tool-2.5.xsd, http://www.springframework.org/schema/tx/spring-tx-2.5.xsd=org/springframework/transaction/config/spring-tx-2.5.xsd, http://www.springframework.org/schema/beans/spring-beans-2.0.xsd=org/springframework/beans/factory/xml/spring-beans-2.0.xsd, http://www.springframework.org/schema/jms/spring-jms.xsd=org/springframework/jms/config/spring-jms-2.5.xsd, http://www.springframework.org/schema/beans/spring-beans-2.5.xsd=org/springframework/beans/factory/xml/spring-beans-2.5.xsd, http://www.springframework.org/schema/beans/spring-beans.xsd=org/springframework/beans/factory/xml/spring-beans-2.5.xsd, http://www.springframework.org/schema/jee/spring-jee.xsd=org/springframework/ejb/config/spring-jee-2.5.xsd, http://www.springframework.org/schema/tool/spring-tool.xsd=org/springframework/beans/factory/xml/spring-tool-2.5.xsd, http://www.springframework.org/schema/tx/spring-tx.xsd=org/springframework/transaction/config/spring-tx-2.5.xsd, http://www.springframework.org/schema/jee/spring-jee-2.0.xsd=org/springframework/ejb/config/spring-jee-2.0.xsd, http://www.springframework.org/schema/aop/spring-aop-2.0.xsd=org/springframework/aop/config/spring-aop-2.0.xsd, http://www.springframework.org/schema/aop/spring-aop-2.5.xsd=org/springframework/aop/config/spring-aop-2.5.xsd, http://www.springframework.org/schema/jee/spring-jee-2.5.xsd=org/springframework/ejb/config/spring-jee-2.5.xsd, http://www.springframework.org/schema/lang/spring-lang-2.0.xsd=org/springframework/scripting/config/spring-lang-2.0.xsd, http://www.springframework.org/schema/util/spring-util.xsd=org/springframework/beans/factory/xml/spring-util-2.5.xsd}
2019-01-11 10:18:12  [ main:434 ] - [ DEBUG ]  Found XML schema [http://www.springframework.org/schema/beans/spring-beans.xsd] in classpath: org/springframework/beans/factory/xml/spring-beans-2.5.xsd
2019-01-11 10:18:12  [ main:569 ] - [ DEBUG ]  Loading bean definitions
2019-01-11 10:18:12  [ main:623 ] - [ DEBUG ]  Loaded 4 bean definitions from location pattern [config.xml]
2019-01-11 10:18:12  [ main:623 ] - [ INFO ]  Bean factory for application context [org.springframework.context.support.ClassPathXmlApplicationContext@4f2410ac]: org.springframework.beans.factory.support.DefaultListableBeanFactory@17ed40e0
2019-01-11 10:18:12  [ main:624 ] - [ DEBUG ]  4 beans defined in org.springframework.context.support.ClassPathXmlApplicationContext@4f2410ac: display name [org.springframework.context.support.ClassPathXmlApplicationContext@4f2410ac]; startup date [Fri Jan 11 10:18:11 CST 2019]; root of context hierarchy
2019-01-11 10:18:12  [ main:644 ] - [ DEBUG ]  Unable to locate MessageSource with name 'messageSource': using default [org.springframework.context.support.DelegatingMessageSource@33a10788]
2019-01-11 10:18:12  [ main:647 ] - [ DEBUG ]  Unable to locate ApplicationEventMulticaster with name 'applicationEventMulticaster': using default [org.springframework.context.event.SimpleApplicationEventMulticaster@6fffcba5]
2019-01-11 10:18:12  [ main:649 ] - [ INFO ]  Pre-instantiating singletons in org.springframework.beans.factory.support.DefaultListableBeanFactory@17ed40e0: defining beans [HelloWorld,OutputHelper,CsvOutputGenerator,JsonOutputGenerator]; root of factory hierarchy
2019-01-11 10:18:12  [ main:651 ] - [ DEBUG ]  Creating shared instance of singleton bean 'HelloWorld'
2019-01-11 10:18:12  [ main:652 ] - [ DEBUG ]  Creating instance of bean 'HelloWorld'
2019-01-11 10:18:12  [ main:684 ] - [ DEBUG ]  Eagerly caching bean 'HelloWorld' to allow for resolving potential circular references
2019-01-11 10:18:12  [ main:686 ] - [ DEBUG ]  Finished creating instance of bean 'HelloWorld'
2019-01-11 10:18:12  [ main:687 ] - [ DEBUG ]  Creating shared instance of singleton bean 'OutputHelper'
2019-01-11 10:18:12  [ main:687 ] - [ DEBUG ]  Creating instance of bean 'OutputHelper'
2019-01-11 10:18:12  [ main:689 ] - [ DEBUG ]  Eagerly caching bean 'OutputHelper' to allow for resolving potential circular references
2019-01-11 10:18:12  [ main:689 ] - [ DEBUG ]  Creating shared instance of singleton bean 'CsvOutputGenerator'
2019-01-11 10:18:12  [ main:690 ] - [ DEBUG ]  Creating instance of bean 'CsvOutputGenerator'
2019-01-11 10:18:12  [ main:690 ] - [ DEBUG ]  Eagerly caching bean 'CsvOutputGenerator' to allow for resolving potential circular references
2019-01-11 10:18:12  [ main:690 ] - [ DEBUG ]  Finished creating instance of bean 'CsvOutputGenerator'
2019-01-11 10:18:12  [ main:694 ] - [ DEBUG ]  Finished creating instance of bean 'OutputHelper'
2019-01-11 10:18:12  [ main:695 ] - [ DEBUG ]  Returning cached instance of singleton bean 'CsvOutputGenerator'
2019-01-11 10:18:12  [ main:695 ] - [ DEBUG ]  Creating shared instance of singleton bean 'JsonOutputGenerator'
2019-01-11 10:18:12  [ main:695 ] - [ DEBUG ]  Creating instance of bean 'JsonOutputGenerator'
2019-01-11 10:18:12  [ main:696 ] - [ DEBUG ]  Eagerly caching bean 'JsonOutputGenerator' to allow for resolving potential circular references
2019-01-11 10:18:12  [ main:696 ] - [ DEBUG ]  Finished creating instance of bean 'JsonOutputGenerator'
2019-01-11 10:18:12  [ main:696 ] - [ DEBUG ]  Returning cached instance of singleton bean 'OutputHelper'
2019-01-11 10:18:38  [ main:0 ] - [ INFO ]  Refreshing org.springframework.context.support.ClassPathXmlApplicationContext@4f2410ac: display name [org.springframework.context.support.ClassPathXmlApplicationContext@4f2410ac]; startup date [Fri Jan 11 10:18:38 CST 2019]; root of context hierarchy
2019-01-11 10:18:38  [ main:53 ] - [ DEBUG ]  Falling back to plain synchronized [java.util.HashMap] for concurrent map
2019-01-11 10:18:38  [ main:57 ] - [ DEBUG ]  Falling back to plain synchronized [java.util.HashMap] for concurrent map
2019-01-11 10:18:38  [ main:57 ] - [ DEBUG ]  Falling back to plain synchronized [java.util.HashMap] for concurrent map
2019-01-11 10:18:38  [ main:58 ] - [ DEBUG ]  Falling back to plain synchronized [java.util.HashMap] for concurrent map
2019-01-11 10:18:38  [ main:58 ] - [ DEBUG ]  Falling back to plain synchronized [java.util.HashMap] for concurrent map
2019-01-11 10:18:38  [ main:58 ] - [ DEBUG ]  Falling back to plain synchronized [java.util.HashMap] for concurrent map
2019-01-11 10:18:38  [ main:58 ] - [ DEBUG ]  Falling back to plain synchronized [java.util.HashMap] for concurrent map
2019-01-11 10:18:38  [ main:75 ] - [ DEBUG ]  Falling back to plain synchronized [java.util.HashMap] for concurrent map
2019-01-11 10:18:38  [ main:76 ] - [ DEBUG ]  Falling back to plain synchronized [java.util.HashMap] for concurrent map
2019-01-11 10:18:38  [ main:112 ] - [ INFO ]  Loading XML bean definitions from class path resource [config.xml]
2019-01-11 10:18:38  [ main:141 ] - [ DEBUG ]  Using JAXP provider [com.sun.org.apache.xerces.internal.jaxp.DocumentBuilderFactoryImpl]
2019-01-11 10:18:38  [ main:182 ] - [ DEBUG ]  Loading schema mappings from [META-INF/spring.schemas]
2019-01-11 10:18:38  [ main:186 ] - [ DEBUG ]  Loaded schema mappings: {http://www.springframework.org/schema/lang/spring-lang-2.5.xsd=org/springframework/scripting/config/spring-lang-2.5.xsd, http://www.springframework.org/schema/lang/spring-lang.xsd=org/springframework/scripting/config/spring-lang-2.5.xsd, http://www.springframework.org/schema/context/spring-context-2.5.xsd=org/springframework/context/config/spring-context-2.5.xsd, http://www.springframework.org/schema/jms/spring-jms-2.5.xsd=org/springframework/jms/config/spring-jms-2.5.xsd, http://www.springframework.org/schema/context/spring-context.xsd=org/springframework/context/config/spring-context-2.5.xsd, http://www.springframework.org/schema/aop/spring-aop.xsd=org/springframework/aop/config/spring-aop-2.5.xsd, http://www.springframework.org/schema/util/spring-util-2.0.xsd=org/springframework/beans/factory/xml/spring-util-2.0.xsd, http://www.springframework.org/schema/util/spring-util-2.5.xsd=org/springframework/beans/factory/xml/spring-util-2.5.xsd, http://www.springframework.org/schema/tool/spring-tool-2.0.xsd=org/springframework/beans/factory/xml/spring-tool-2.0.xsd, http://www.springframework.org/schema/tx/spring-tx-2.0.xsd=org/springframework/transaction/config/spring-tx-2.0.xsd, http://www.springframework.org/schema/tool/spring-tool-2.5.xsd=org/springframework/beans/factory/xml/spring-tool-2.5.xsd, http://www.springframework.org/schema/tx/spring-tx-2.5.xsd=org/springframework/transaction/config/spring-tx-2.5.xsd, http://www.springframework.org/schema/beans/spring-beans-2.0.xsd=org/springframework/beans/factory/xml/spring-beans-2.0.xsd, http://www.springframework.org/schema/jms/spring-jms.xsd=org/springframework/jms/config/spring-jms-2.5.xsd, http://www.springframework.org/schema/beans/spring-beans-2.5.xsd=org/springframework/beans/factory/xml/spring-beans-2.5.xsd, http://www.springframework.org/schema/beans/spring-beans.xsd=org/springframework/beans/factory/xml/spring-beans-2.5.xsd, http://www.springframework.org/schema/jee/spring-jee.xsd=org/springframework/ejb/config/spring-jee-2.5.xsd, http://www.springframework.org/schema/tool/spring-tool.xsd=org/springframework/beans/factory/xml/spring-tool-2.5.xsd, http://www.springframework.org/schema/tx/spring-tx.xsd=org/springframework/transaction/config/spring-tx-2.5.xsd, http://www.springframework.org/schema/jee/spring-jee-2.0.xsd=org/springframework/ejb/config/spring-jee-2.0.xsd, http://www.springframework.org/schema/aop/spring-aop-2.0.xsd=org/springframework/aop/config/spring-aop-2.0.xsd, http://www.springframework.org/schema/aop/spring-aop-2.5.xsd=org/springframework/aop/config/spring-aop-2.5.xsd, http://www.springframework.org/schema/jee/spring-jee-2.5.xsd=org/springframework/ejb/config/spring-jee-2.5.xsd, http://www.springframework.org/schema/lang/spring-lang-2.0.xsd=org/springframework/scripting/config/spring-lang-2.0.xsd, http://www.springframework.org/schema/util/spring-util.xsd=org/springframework/beans/factory/xml/spring-util-2.5.xsd}
2019-01-11 10:18:38  [ main:188 ] - [ DEBUG ]  Found XML schema [http://www.springframework.org/schema/beans/spring-beans.xsd] in classpath: org/springframework/beans/factory/xml/spring-beans-2.5.xsd
2019-01-11 10:18:38  [ main:264 ] - [ DEBUG ]  Loading bean definitions
2019-01-11 10:18:38  [ main:316 ] - [ DEBUG ]  Loaded 4 bean definitions from location pattern [config.xml]
2019-01-11 10:18:38  [ main:316 ] - [ INFO ]  Bean factory for application context [org.springframework.context.support.ClassPathXmlApplicationContext@4f2410ac]: org.springframework.beans.factory.support.DefaultListableBeanFactory@17ed40e0
2019-01-11 10:18:38  [ main:317 ] - [ DEBUG ]  4 beans defined in org.springframework.context.support.ClassPathXmlApplicationContext@4f2410ac: display name [org.springframework.context.support.ClassPathXmlApplicationContext@4f2410ac]; startup date [Fri Jan 11 10:18:38 CST 2019]; root of context hierarchy
2019-01-11 10:18:38  [ main:337 ] - [ DEBUG ]  Unable to locate MessageSource with name 'messageSource': using default [org.springframework.context.support.DelegatingMessageSource@33a10788]
2019-01-11 10:18:38  [ main:338 ] - [ DEBUG ]  Unable to locate ApplicationEventMulticaster with name 'applicationEventMulticaster': using default [org.springframework.context.event.SimpleApplicationEventMulticaster@6fffcba5]
2019-01-11 10:18:38  [ main:340 ] - [ INFO ]  Pre-instantiating singletons in org.springframework.beans.factory.support.DefaultListableBeanFactory@17ed40e0: defining beans [HelloWorld,OutputHelper,CsvOutputGenerator,JsonOutputGenerator]; root of factory hierarchy
2019-01-11 10:18:38  [ main:342 ] - [ DEBUG ]  Creating shared instance of singleton bean 'HelloWorld'
2019-01-11 10:18:38  [ main:345 ] - [ DEBUG ]  Creating instance of bean 'HelloWorld'
2019-01-11 10:18:38  [ main:393 ] - [ DEBUG ]  Eagerly caching bean 'HelloWorld' to allow for resolving potential circular references
2019-01-11 10:18:38  [ main:396 ] - [ DEBUG ]  Finished creating instance of bean 'HelloWorld'
2019-01-11 10:18:38  [ main:396 ] - [ DEBUG ]  Creating shared instance of singleton bean 'OutputHelper'
2019-01-11 10:18:38  [ main:397 ] - [ DEBUG ]  Creating instance of bean 'OutputHelper'
2019-01-11 10:18:38  [ main:398 ] - [ DEBUG ]  Eagerly caching bean 'OutputHelper' to allow for resolving potential circular references
2019-01-11 10:18:38  [ main:398 ] - [ DEBUG ]  Creating shared instance of singleton bean 'JsonOutputGenerator'
2019-01-11 10:18:38  [ main:399 ] - [ DEBUG ]  Creating instance of bean 'JsonOutputGenerator'
2019-01-11 10:18:38  [ main:399 ] - [ DEBUG ]  Eagerly caching bean 'JsonOutputGenerator' to allow for resolving potential circular references
2019-01-11 10:18:39  [ main:400 ] - [ DEBUG ]  Finished creating instance of bean 'JsonOutputGenerator'
2019-01-11 10:18:39  [ main:405 ] - [ DEBUG ]  Finished creating instance of bean 'OutputHelper'
2019-01-11 10:18:39  [ main:406 ] - [ DEBUG ]  Creating shared instance of singleton bean 'CsvOutputGenerator'
2019-01-11 10:18:39  [ main:406 ] - [ DEBUG ]  Creating instance of bean 'CsvOutputGenerator'
2019-01-11 10:18:39  [ main:406 ] - [ DEBUG ]  Eagerly caching bean 'CsvOutputGenerator' to allow for resolving potential circular references
2019-01-11 10:18:39  [ main:407 ] - [ DEBUG ]  Finished creating instance of bean 'CsvOutputGenerator'
2019-01-11 10:18:39  [ main:407 ] - [ DEBUG ]  Returning cached instance of singleton bean 'JsonOutputGenerator'
2019-01-11 10:18:39  [ main:407 ] - [ DEBUG ]  Returning cached instance of singleton bean 'OutputHelper'
